2018-09-18 16:35:56,962 - mqtt - INFO - MQTT_SUB...
2018-09-18 16:36:07,948 - mqtt - INFO - MQTT_SUB...
2018-09-18 16:36:19,399 - mqtt - INFO - MQTT_SUB...
2018-09-18 16:37:09,965 - mqtt - INFO - MQTT_SUB...
2018-09-18 16:37:39,620 - mqtt - INFO - MQTT_SUB...
2018-09-18 16:38:13,704 - mqtt - INFO - MQTT_SUB...
2018-09-18 16:38:14,659 - mqtt - INFO - not all arguments converted during string formatting
2018-09-18 16:38:33,051 - mqtt - INFO - MQTT_SUB...
2018-09-18 16:38:33,801 - mqtt - INFO - not all arguments converted during string formatting
2018-09-18 16:38:58,497 - mqtt - INFO - MQTT_SUB...
2018-09-18 16:38:59,888 - mqtt - INFO - not all arguments converted during string formatting
2018-09-18 16:39:28,684 - mqtt - INFO - MQTT_SUB...
2018-09-18 16:39:30,848 - mqtt - INFO - global name 'print_r' is not defined
2018-09-18 16:39:36,605 - mqtt - INFO - global name 'print_r' is not defined
2018-09-18 16:39:54,054 - mqtt - INFO - MQTT_SUB...
2018-09-18 16:39:56,386 - mqtt - INFO - global name 'print_r' is not defined
2018-09-18 16:40:11,889 - mqtt - INFO - MQTT_SUB...
2018-09-18 16:40:13,282 - mqtt - INFO - global name 'print_r' is not defined
2018-09-18 16:40:19,115 - mqtt - INFO - global name 'print_r' is not defined
2018-09-18 16:40:33,013 - mqtt - INFO - MQTT_SUB...
2018-09-18 16:40:33,982 - mqtt - INFO - not all arguments converted during string formatting
2018-09-18 16:42:33,950 - mqtt - INFO - MQTT_SUB...
2018-09-18 16:42:35,259 - mqtt - INFO - (1146, u"Table 'laravel.tot_tot' doesn't exist")
2018-09-18 16:42:54,714 - mqtt - INFO - MQTT_SUB...
2018-09-18 16:46:30,861 - mqtt - INFO - MQTT_SUB...
2018-09-18 16:46:58,438 - mqtt - INFO - the JSON object must be str, not 'bytes'
2018-09-18 16:47:37,150 - mqtt - INFO - MQTT_SUB...
2018-09-18 16:49:21,322 - mqtt - INFO - MQTT_SUB...
